{"contracts/AcademicCertification.sol":{"l":{"167":19,"168":17,"173":25,"174":24,"180":19,"181":19,"190":17,"191":17,"198":1,"210":17,"211":16,"213":15,"223":15,"229":14,"230":14,"231":13,"233":12,"235":12,"242":3,"243":3,"245":2,"247":2,"248":2,"251":2,"258":1,"259":1,"266":2,"267":1,"274":29,"276":29,"302":19,"303":19,"304":19,"305":19,"307":19,"308":18,"309":17,"310":16,"311":15,"313":14,"315":14,"328":14,"329":14,"331":14,"332":14,"334":14,"335":14,"337":14,"338":14,"339":14,"341":14,"343":14,"345":14,"347":14,"364":5,"365":4,"366":3,"368":2,"370":2,"371":4,"381":2,"399":7,"401":7,"402":1,"403":1,"405":1,"406":1,"407":1,"408":1,"411":6,"412":6,"413":6,"414":6,"415":6,"417":6,"424":1,"425":1,"427":1,"429":1,"436":10,"437":10,"439":10,"447":2,"448":2,"450":1,"461":6,"463":6,"464":5,"465":4,"467":3,"469":3,"476":3,"483":2,"484":2,"486":1,"493":2,"494":2,"496":1,"507":1,"514":1,"521":2,"528":2,"529":2,"536":19,"537":4,"540":15,"541":3,"544":12,"551":7},"path":"/home/ariel/tfmc/tfm-certification/contracts/contracts/AcademicCertification.sol","s":{"1":19,"2":25,"3":19,"4":17,"5":1,"6":17,"7":16,"8":15,"9":14,"10":14,"11":13,"12":12,"13":3,"14":3,"15":2,"16":2,"17":1,"18":1,"19":2,"20":1,"21":29,"22":29,"23":19,"24":19,"25":19,"26":19,"27":19,"28":18,"29":17,"30":16,"31":15,"32":14,"33":14,"34":14,"35":14,"36":14,"37":14,"38":14,"39":14,"40":14,"41":5,"42":4,"43":3,"44":2,"45":2,"46":2,"47":7,"48":7,"49":1,"50":6,"51":1,"52":1,"53":1,"54":1,"55":10,"56":10,"57":2,"58":2,"59":1,"60":6,"61":6,"62":5,"63":4,"64":3,"65":2,"66":2,"67":1,"68":2,"69":2,"70":1,"71":1,"72":1,"73":2,"74":2,"75":2,"76":19,"77":4,"78":15,"79":3,"80":12,"81":7},"b":{"1":[17,2],"2":[24,1],"3":[19,0],"4":[16,1],"5":[15,1],"6":[14,1],"7":[13,1],"8":[12,1],"9":[3,1],"10":[2,1],"11":[2,0],"12":[2,0],"13":[1,0],"14":[1,1],"15":[19,1],"16":[19,0],"17":[19,0],"18":[19,0],"19":[18,1],"20":[17,1],"21":[16,1],"22":[15,1],"23":[14,1],"24":[13,1],"25":[14,0],"26":[5,0],"27":[4,1],"28":[3,1],"29":[2,1],"30":[1,6],"31":[1,0],"32":[10,0],"33":[1,1],"34":[6,0],"35":[5,1],"36":[4,1],"37":[3,1],"38":[1,1],"39":[1,1],"40":[2,0],"41":[4,15],"42":[3,12]},"f":{"1":19,"2":25,"3":19,"4":17,"5":1,"6":17,"7":14,"8":3,"9":1,"10":2,"11":29,"12":19,"13":5,"14":7,"15":1,"16":10,"17":2,"18":6,"19":2,"20":2,"21":1,"22":1,"23":2,"24":2,"25":19,"26":7},"fnMap":{"1":{"name":"onlyAdmin","line":166,"loc":{"start":{"line":166,"column":4},"end":{"line":169,"column":4}}},"2":{"name":"onlyVerifiedActiveIssuer","line":172,"loc":{"start":{"line":172,"column":4},"end":{"line":175,"column":4}}},"3":{"name":"certificateMustExist","line":179,"loc":{"start":{"line":179,"column":4},"end":{"line":182,"column":4}}},"4":{"name":"constructor","line":189,"loc":{"start":{"line":189,"column":8},"end":{"line":192,"column":4}}},"5":{"name":"owner","line":197,"loc":{"start":{"line":197,"column":8},"end":{"line":199,"column":4}}},"6":{"name":"registerIssuer","line":209,"loc":{"start":{"line":209,"column":4},"end":{"line":224,"column":4}}},"7":{"name":"verifyIssuer","line":228,"loc":{"start":{"line":228,"column":4},"end":{"line":236,"column":4}}},"8":{"name":"updateIssuerStatus","line":241,"loc":{"start":{"line":241,"column":4},"end":{"line":252,"column":4}}},"9":{"name":"getIssuer","line":257,"loc":{"start":{"line":257,"column":4},"end":{"line":260,"column":4}}},"10":{"name":"getRecipient","line":265,"loc":{"start":{"line":265,"column":4},"end":{"line":268,"column":4}}},"11":{"name":"isAuthorizedIssuer","line":273,"loc":{"start":{"line":273,"column":4},"end":{"line":280,"column":4}}},"12":{"name":"issueCertificate","line":301,"loc":{"start":{"line":294,"column":4},"end":{"line":348,"column":4}}},"13":{"name":"batchIssueCertificates","line":363,"loc":{"start":{"line":357,"column":4},"end":{"line":382,"column":4}}},"14":{"name":"verifyCertificate","line":396,"loc":{"start":{"line":396,"column":4},"end":{"line":418,"column":4}}},"15":{"name":"verifyCertificateById","line":423,"loc":{"start":{"line":423,"column":4},"end":{"line":430,"column":4}}},"16":{"name":"getCertificate","line":435,"loc":{"start":{"line":435,"column":4},"end":{"line":440,"column":4}}},"17":{"name":"getCertificateByHash","line":446,"loc":{"start":{"line":446,"column":4},"end":{"line":451,"column":4}}},"18":{"name":"revokeCertificate","line":460,"loc":{"start":{"line":460,"column":4},"end":{"line":477,"column":4}}},"19":{"name":"revokeCertificateByHash","line":482,"loc":{"start":{"line":482,"column":4},"end":{"line":487,"column":4}}},"20":{"name":"getRevocation","line":492,"loc":{"start":{"line":492,"column":4},"end":{"line":497,"column":4}}},"21":{"name":"getRecipientCertificates","line":506,"loc":{"start":{"line":506,"column":4},"end":{"line":508,"column":4}}},"22":{"name":"getIssuerCertificates","line":513,"loc":{"start":{"line":513,"column":4},"end":{"line":515,"column":4}}},"23":{"name":"certificateExists","line":520,"loc":{"start":{"line":520,"column":4},"end":{"line":522,"column":4}}},"24":{"name":"isCertificateExpired","line":527,"loc":{"start":{"line":527,"column":4},"end":{"line":530,"column":4}}},"25":{"name":"_effectiveCertificateStatus","line":535,"loc":{"start":{"line":535,"column":4},"end":{"line":545,"column":4}}},"26":{"name":"_isCertificateValid","line":550,"loc":{"start":{"line":550,"column":4},"end":{"line":555,"column":4}}}},"statementMap":{"1":{"start":{"line":167,"column":8},"end":{"line":167,"column":49}},"2":{"start":{"line":173,"column":8},"end":{"line":173,"column":71}},"3":{"start":{"line":180,"column":8},"end":{"line":180,"column":80}},"4":{"start":{"line":191,"column":8},"end":{"line":191,"column":39}},"5":{"start":{"line":198,"column":8},"end":{"line":198,"column":20}},"6":{"start":{"line":210,"column":8},"end":{"line":210,"column":56}},"7":{"start":{"line":211,"column":8},"end":{"line":211,"column":85}},"8":{"start":{"line":223,"column":8},"end":{"line":223,"column":58}},"9":{"start":{"line":229,"column":8},"end":{"line":229,"column":55}},"10":{"start":{"line":230,"column":8},"end":{"line":230,"column":70}},"11":{"start":{"line":231,"column":8},"end":{"line":231,"column":73}},"12":{"start":{"line":235,"column":8},"end":{"line":235,"column":43}},"13":{"start":{"line":242,"column":8},"end":{"line":242,"column":55}},"14":{"start":{"line":243,"column":8},"end":{"line":243,"column":70}},"15":{"start":{"line":247,"column":8},"end":{"line":247,"column":9157}},"16":{"start":{"line":251,"column":8},"end":{"line":251,"column":60}},"17":{"start":{"line":258,"column":8},"end":{"line":258,"column":87}},"18":{"start":{"line":259,"column":8},"end":{"line":259,"column":38}},"19":{"start":{"line":266,"column":8},"end":{"line":266,"column":99}},"20":{"start":{"line":267,"column":8},"end":{"line":267,"column":44}},"21":{"start":{"line":274,"column":8},"end":{"line":274,"column":54}},"22":{"start":{"line":276,"column":8},"end":{"line":276,"column":10479}},"23":{"start":{"line":302,"column":8},"end":{"line":302,"column":57}},"24":{"start":{"line":303,"column":8},"end":{"line":303,"column":77}},"25":{"start":{"line":304,"column":8},"end":{"line":304,"column":80}},"26":{"start":{"line":305,"column":8},"end":{"line":305,"column":63}},"27":{"start":{"line":307,"column":8},"end":{"line":307,"column":62}},"28":{"start":{"line":308,"column":8},"end":{"line":308,"column":63}},"29":{"start":{"line":309,"column":8},"end":{"line":309,"column":66}},"30":{"start":{"line":310,"column":8},"end":{"line":310,"column":66}},"31":{"start":{"line":311,"column":8},"end":{"line":311,"column":83}},"32":{"start":{"line":313,"column":8},"end":{"line":313,"column":49}},"33":{"start":{"line":331,"column":12},"end":{"line":331,"column":47}},"34":{"start":{"line":332,"column":12},"end":{"line":332,"column":52}},"35":{"start":{"line":334,"column":8},"end":{"line":334,"column":57}},"36":{"start":{"line":335,"column":8},"end":{"line":335,"column":60}},"37":{"start":{"line":337,"column":8},"end":{"line":337,"column":13080}},"38":{"start":{"line":341,"column":8},"end":{"line":341,"column":64}},"39":{"start":{"line":345,"column":8},"end":{"line":345,"column":87}},"40":{"start":{"line":347,"column":8},"end":{"line":347,"column":28}},"41":{"start":{"line":364,"column":8},"end":{"line":364,"column":60}},"42":{"start":{"line":365,"column":8},"end":{"line":365,"column":82}},"43":{"start":{"line":366,"column":8},"end":{"line":366,"column":84}},"44":{"start":{"line":368,"column":8},"end":{"line":368,"column":82}},"45":{"start":{"line":370,"column":8},"end":{"line":370,"column":14581}},"46":{"start":{"line":381,"column":8},"end":{"line":381,"column":29}},"47":{"start":{"line":399,"column":8},"end":{"line":399,"column":69}},"48":{"start":{"line":401,"column":8},"end":{"line":401,"column":15931}},"49":{"start":{"line":408,"column":12},"end":{"line":408,"column":63}},"50":{"start":{"line":411,"column":8},"end":{"line":411,"column":70}},"51":{"start":{"line":424,"column":8},"end":{"line":424,"column":71}},"52":{"start":{"line":425,"column":8},"end":{"line":425,"column":55}},"53":{"start":{"line":427,"column":8},"end":{"line":427,"column":60}},"54":{"start":{"line":429,"column":8},"end":{"line":429,"column":22}},"55":{"start":{"line":436,"column":8},"end":{"line":436,"column":73}},"56":{"start":{"line":439,"column":8},"end":{"line":439,"column":26}},"57":{"start":{"line":447,"column":8},"end":{"line":447,"column":69}},"58":{"start":{"line":448,"column":8},"end":{"line":448,"column":59}},"59":{"start":{"line":450,"column":8},"end":{"line":450,"column":44}},"60":{"start":{"line":461,"column":8},"end":{"line":461,"column":74}},"61":{"start":{"line":463,"column":12},"end":{"line":463,"column":86}},"62":{"start":{"line":464,"column":8},"end":{"line":464,"column":82}},"63":{"start":{"line":465,"column":8},"end":{"line":465,"column":60}},"64":{"start":{"line":476,"column":8},"end":{"line":476,"column":68}},"65":{"start":{"line":483,"column":8},"end":{"line":483,"column":69}},"66":{"start":{"line":484,"column":8},"end":{"line":484,"column":59}},"67":{"start":{"line":486,"column":8},"end":{"line":486,"column":48}},"68":{"start":{"line":493,"column":8},"end":{"line":493,"column":66}},"69":{"start":{"line":494,"column":8},"end":{"line":494,"column":61}},"70":{"start":{"line":496,"column":8},"end":{"line":496,"column":25}},"71":{"start":{"line":507,"column":8},"end":{"line":507,"column":48}},"72":{"start":{"line":514,"column":8},"end":{"line":514,"column":42}},"73":{"start":{"line":521,"column":8},"end":{"line":521,"column":43}},"74":{"start":{"line":528,"column":8},"end":{"line":528,"column":73}},"75":{"start":{"line":529,"column":8},"end":{"line":529,"column":84}},"76":{"start":{"line":536,"column":8},"end":{"line":536,"column":22014}},"77":{"start":{"line":537,"column":12},"end":{"line":537,"column":44}},"78":{"start":{"line":540,"column":8},"end":{"line":540,"column":22135}},"79":{"start":{"line":541,"column":12},"end":{"line":541,"column":44}},"80":{"start":{"line":544,"column":8},"end":{"line":544,"column":38}},"81":{"start":{"line":551,"column":8},"end":{"line":551,"column":22697}}},"branchMap":{"1":{"line":167,"type":"if","locations":[{"start":{"line":167,"column":8},"end":{"line":167,"column":8}},{"start":{"line":167,"column":8},"end":{"line":167,"column":8}}]},"2":{"line":173,"type":"if","locations":[{"start":{"line":173,"column":8},"end":{"line":173,"column":8}},{"start":{"line":173,"column":8},"end":{"line":173,"column":8}}]},"3":{"line":180,"type":"if","locations":[{"start":{"line":180,"column":8},"end":{"line":180,"column":8}},{"start":{"line":180,"column":8},"end":{"line":180,"column":8}}]},"4":{"line":210,"type":"if","locations":[{"start":{"line":210,"column":8},"end":{"line":210,"column":8}},{"start":{"line":210,"column":8},"end":{"line":210,"column":8}}]},"5":{"line":211,"type":"if","locations":[{"start":{"line":211,"column":8},"end":{"line":211,"column":8}},{"start":{"line":211,"column":8},"end":{"line":211,"column":8}}]},"6":{"line":228,"type":"if","locations":[{"start":{"line":228,"column":59},"end":{"line":228,"column":59}},{"start":{"line":228,"column":59},"end":{"line":228,"column":59}}]},"7":{"line":230,"type":"if","locations":[{"start":{"line":230,"column":8},"end":{"line":230,"column":8}},{"start":{"line":230,"column":8},"end":{"line":230,"column":8}}]},"8":{"line":231,"type":"if","locations":[{"start":{"line":231,"column":8},"end":{"line":231,"column":8}},{"start":{"line":231,"column":8},"end":{"line":231,"column":8}}]},"9":{"line":241,"type":"if","locations":[{"start":{"line":241,"column":90},"end":{"line":241,"column":90}},{"start":{"line":241,"column":90},"end":{"line":241,"column":90}}]},"10":{"line":243,"type":"if","locations":[{"start":{"line":243,"column":8},"end":{"line":243,"column":8}},{"start":{"line":243,"column":8},"end":{"line":243,"column":8}}]},"11":{"line":247,"type":"if","locations":[{"start":{"line":247,"column":8},"end":{"line":247,"column":8}},{"start":{"line":247,"column":8},"end":{"line":247,"column":8}}]},"12":{"line":247,"type":"cond-expr","locations":[{"start":{"line":247,"column":12},"end":{"line":247,"column":47}},{"start":{"line":247,"column":52},"end":{"line":247,"column":85}}]},"13":{"line":258,"type":"if","locations":[{"start":{"line":258,"column":8},"end":{"line":258,"column":8}},{"start":{"line":258,"column":8},"end":{"line":258,"column":8}}]},"14":{"line":266,"type":"if","locations":[{"start":{"line":266,"column":8},"end":{"line":266,"column":8}},{"start":{"line":266,"column":8},"end":{"line":266,"column":8}}]},"15":{"line":301,"type":"if","locations":[{"start":{"line":301,"column":13},"end":{"line":301,"column":13}},{"start":{"line":301,"column":13},"end":{"line":301,"column":13}}]},"16":{"line":303,"type":"if","locations":[{"start":{"line":303,"column":8},"end":{"line":303,"column":8}},{"start":{"line":303,"column":8},"end":{"line":303,"column":8}}]},"17":{"line":304,"type":"if","locations":[{"start":{"line":304,"column":8},"end":{"line":304,"column":8}},{"start":{"line":304,"column":8},"end":{"line":304,"column":8}}]},"18":{"line":305,"type":"if","locations":[{"start":{"line":305,"column":8},"end":{"line":305,"column":8}},{"start":{"line":305,"column":8},"end":{"line":305,"column":8}}]},"19":{"line":307,"type":"if","locations":[{"start":{"line":307,"column":8},"end":{"line":307,"column":8}},{"start":{"line":307,"column":8},"end":{"line":307,"column":8}}]},"20":{"line":308,"type":"if","locations":[{"start":{"line":308,"column":8},"end":{"line":308,"column":8}},{"start":{"line":308,"column":8},"end":{"line":308,"column":8}}]},"21":{"line":309,"type":"if","locations":[{"start":{"line":309,"column":8},"end":{"line":309,"column":8}},{"start":{"line":309,"column":8},"end":{"line":309,"column":8}}]},"22":{"line":310,"type":"if","locations":[{"start":{"line":310,"column":8},"end":{"line":310,"column":8}},{"start":{"line":310,"column":8},"end":{"line":310,"column":8}}]},"23":{"line":311,"type":"if","locations":[{"start":{"line":311,"column":8},"end":{"line":311,"column":8}},{"start":{"line":311,"column":8},"end":{"line":311,"column":8}}]},"24":{"line":311,"type":"cond-expr","locations":[{"start":{"line":311,"column":16},"end":{"line":311,"column":31}},{"start":{"line":311,"column":36},"end":{"line":311,"column":64}}]},"25":{"line":337,"type":"if","locations":[{"start":{"line":337,"column":8},"end":{"line":337,"column":8}},{"start":{"line":337,"column":8},"end":{"line":337,"column":8}}]},"26":{"line":363,"type":"if","locations":[{"start":{"line":363,"column":13},"end":{"line":363,"column":13}},{"start":{"line":363,"column":13},"end":{"line":363,"column":13}}]},"27":{"line":364,"type":"if","locations":[{"start":{"line":364,"column":8},"end":{"line":364,"column":8}},{"start":{"line":364,"column":8},"end":{"line":364,"column":8}}]},"28":{"line":365,"type":"if","locations":[{"start":{"line":365,"column":8},"end":{"line":365,"column":8}},{"start":{"line":365,"column":8},"end":{"line":365,"column":8}}]},"29":{"line":366,"type":"if","locations":[{"start":{"line":366,"column":8},"end":{"line":366,"column":8}},{"start":{"line":366,"column":8},"end":{"line":366,"column":8}}]},"30":{"line":401,"type":"if","locations":[{"start":{"line":401,"column":8},"end":{"line":401,"column":8}},{"start":{"line":401,"column":8},"end":{"line":401,"column":8}}]},"31":{"line":423,"type":"if","locations":[{"start":{"line":423,"column":66},"end":{"line":423,"column":66}},{"start":{"line":423,"column":66},"end":{"line":423,"column":66}}]},"32":{"line":435,"type":"if","locations":[{"start":{"line":435,"column":64},"end":{"line":435,"column":64}},{"start":{"line":435,"column":64},"end":{"line":435,"column":64}}]},"33":{"line":448,"type":"if","locations":[{"start":{"line":448,"column":8},"end":{"line":448,"column":8}},{"start":{"line":448,"column":8},"end":{"line":448,"column":8}}]},"34":{"line":460,"type":"if","locations":[{"start":{"line":460,"column":85},"end":{"line":460,"column":85}},{"start":{"line":460,"column":85},"end":{"line":460,"column":85}}]},"35":{"line":463,"type":"if","locations":[{"start":{"line":463,"column":12},"end":{"line":463,"column":12}},{"start":{"line":463,"column":12},"end":{"line":463,"column":12}}]},"36":{"line":464,"type":"if","locations":[{"start":{"line":464,"column":8},"end":{"line":464,"column":8}},{"start":{"line":464,"column":8},"end":{"line":464,"column":8}}]},"37":{"line":465,"type":"if","locations":[{"start":{"line":465,"column":8},"end":{"line":465,"column":8}},{"start":{"line":465,"column":8},"end":{"line":465,"column":8}}]},"38":{"line":484,"type":"if","locations":[{"start":{"line":484,"column":8},"end":{"line":484,"column":8}},{"start":{"line":484,"column":8},"end":{"line":484,"column":8}}]},"39":{"line":494,"type":"if","locations":[{"start":{"line":494,"column":8},"end":{"line":494,"column":8}},{"start":{"line":494,"column":8},"end":{"line":494,"column":8}}]},"40":{"line":527,"type":"if","locations":[{"start":{"line":527,"column":70},"end":{"line":527,"column":70}},{"start":{"line":527,"column":70},"end":{"line":527,"column":70}}]},"41":{"line":536,"type":"if","locations":[{"start":{"line":536,"column":8},"end":{"line":536,"column":8}},{"start":{"line":536,"column":8},"end":{"line":536,"column":8}}]},"42":{"line":540,"type":"if","locations":[{"start":{"line":540,"column":8},"end":{"line":540,"column":8}},{"start":{"line":540,"column":8},"end":{"line":540,"column":8}}]}}}}